<?xml version="1.0" encoding="UTF-8"?>
<testsuite name="InstancesTest" tests="2" skipped="0" failures="0" errors="0" timestamp="2020-04-19T13:33:42" hostname="Jesse-Desktop" time="2.944">
  <properties/>
  <testcase name="changeStatus()" classname="InstancesTest" time="2.112"/>
  <testcase name="getStatus()" classname="InstancesTest" time="0.83"/>
  <system-out><![CDATA[]]></system-out>
  <system-err><![CDATA[]]></system-err>
</testsuite>
